<?xml version="1.0" encoding="UTF-8"?>
<!-- Generated by org.testng.reporters.JUnitXMLReporter -->
<testsuite hostname="LAPTOP-QKN1RJAQ" ignored="0" name="Test" tests="2" failures="2" timestamp="2022-03-24T22:18:34 IST" time="13.006" errors="0">
  <testcase name="m1" time="1.348" classname="testcases.sample">
    <failure type="java.lang.AssertionError" message="expected [LOkA] but found [https://www.facebook.com/]">
      <![CDATA[java.lang.AssertionError: expected [LOkA] but found [https://www.facebook.com/]
at testcases.sample.m1(sample.java:29)
at java.util.ArrayList.forEach(Unknown Source)
... Removed 33 stack frames]]>
    </failure>
  </testcase> <!-- m1 -->
  <testcase name="firefoxTest" time="1.551" classname="testcases.GeckoDriverTest">
    <failure type="java.lang.AssertionError" message="expected [LOkA] but found [https://www.facebook.com/]">
      <![CDATA[java.lang.AssertionError: expected [LOkA] but found [https://www.facebook.com/]
at testcases.GeckoDriverTest.firefoxTest(GeckoDriverTest.java:24)
at java.util.ArrayList.forEach(Unknown Source)
... Removed 33 stack frames]]>
    </failure>
  </testcase> <!-- firefoxTest -->
</testsuite> <!-- Test -->
