<?xml version="1.0" encoding="UTF-8"?>
<testng-results skipped="0" failed="0" ignored="0" total="1" passed="1">
  <reporter-output>
  </reporter-output>
  <suite name="Suite" duration-ms="22682" started-at="2022-03-31T07:15:06 IST" finished-at="2022-03-31T07:15:28 IST">
    <groups>
    </groups>
    <test name="Test" duration-ms="22682" started-at="2022-03-31T07:15:06 IST" finished-at="2022-03-31T07:15:28 IST">
      <class name="testcases.GeckoDriverTest">
        <test-method status="PASS" signature="openBrowser()[pri:0, instance:testcases.GeckoDriverTest@36b4cef0]" name="openBrowser" is-config="true" duration-ms="7674" started-at="2022-03-31T07:15:06 IST" finished-at="2022-03-31T07:15:13 IST">
          <reporter-output>
          </reporter-output>
        </test-method> <!-- openBrowser -->
        <test-method status="PASS" signature="firefoxTest()[pri:0, instance:testcases.GeckoDriverTest@36b4cef0]" name="firefoxTest" duration-ms="13500" started-at="2022-03-31T07:15:13 IST" finished-at="2022-03-31T07:15:27 IST">
          <reporter-output>
          </reporter-output>
        </test-method> <!-- firefoxTest -->
        <test-method status="PASS" signature="closeBrowser()[pri:0, instance:testcases.GeckoDriverTest@36b4cef0]" name="closeBrowser" is-config="true" duration-ms="1457" started-at="2022-03-31T07:15:27 IST" finished-at="2022-03-31T07:15:28 IST">
          <reporter-output>
          </reporter-output>
        </test-method> <!-- closeBrowser -->
      </class> <!-- testcases.GeckoDriverTest -->
    </test> <!-- Test -->
  </suite> <!-- Suite -->
</testng-results>
