<?xml version="1.0" encoding="UTF-8"?>
<testsuite xmlns:xsi="http://www.w3.org/2001/XMLSchema-instance" xsi:noNamespaceSchemaLocation="https://maven.apache.org/surefire/maven-surefire-plugin/xsd/surefire-test-report-3.0.xsd" version="3.0" name="TestSuite" time="23.656" tests="1" errors="0" skipped="0" failures="0">
  <properties>
[...]
</properties>
  <testcase name="firefoxTest" classname="testcases.GeckoDriverTest" time="13.476">
    <system-out><![CDATA[830
1550
https://www.google.com/intl/en-GB/gmail/about/
https://policies.google.com/technologies/cookies
https://www.google.com/intl/en-GB/gmail/about/#
https://www.google.com/gmail/about/
https://workspace.google.com/products/gmail/index.html?utm_source=gmailforwork&utm_medium=et&utm_campaign=nav&utm_content=forwork
https://accounts.google.com/AccountChooser/signinchooser?service=mail&continue=https%3A%2F%2Fmail.google.com%2Fmail%2F&flowName=GlifWebSignIn&flowEntry=AccountChooser
https://accounts.google.com/signup/v2/webcreateaccount?service=mail&continue=https%3A%2F%2Fmail.google.com%2Fmail%2F&flowName=GlifWebSignIn&flowEntry=SignUp
https://accounts.google.com/signup/v2/webcreateaccount?service=mail&continue=https%3A%2F%2Fmail.google.com%2Fmail%2F&flowName=GlifWebSignIn&flowEntry=SignUp
https://workspace.google.com/products/gmail/index.html?utm_source=gmailforwork&utm_medium=et&utm_campaign=hero&utm_content=forwork
https://accounts.google.com/signup/v2/webcreateaccount?service=mail&continue=https%3A%2F%2Fmail.google.com%2Fmail%2F&flowName=GlifWebSignIn&flowEntry=SignUp
https://workspace.google.com/products/gmail/index.html?utm_source=gmailforwork&utm_medium=et&utm_campaign=hero&utm_content=forwork
https://www.google.com/intl/en-GB/gmail/about/#
https://www.google.com/intl/en-GB/gmail/about/#
https://www.google.com/intl/en-GB/gmail/about/#
https://www.google.com/intl/en-GB/gmail/about/#
https://www.google.com/intl/en-GB/gmail/about/#
https://www.google.com/intl/en-GB/gmail/about/#
https://www.google.com/intl/en-GB/gmail/about/#
https://workspace.google.com/?utm_source=gmailforwork&utm_medium=et&utm_campaign=body&utm_content=learnmore
https://support.google.com/mail/?hl=en#topic=7065107
https://landing.google.com/advancedprotection/
https://workspace.google.com/?utm_source=gmailforwork&utm_medium=et&utm_campaign=body&utm_content=learnmore
https://support.google.com/mail/?hl=en#topic=7065107
https://accounts.google.com/signup/v2/webcreateaccount?service=mail&continue=https%3A%2F%2Fmail.google.com%2Fmail%2F&flowName=GlifWebSignIn&flowEntry=SignUp
https://workspace.google.com/products/gmail/index.html?utm_source=gmailforwork&utm_medium=et&utm_campaign=footer&utm_content=forwork
https://www.google.com/
https://policies.google.com/privacy
https://policies.google.com/terms
https://about.google/
https://about.google/products/
https://www.google.com/gmail/about/policy/
https://safety.google/products/#gmail
https://support.google.com/mail/?hl=en#topic=7065107
------------------------
null
]]></system-out>
    <system-err><![CDATA[SLF4J: Failed to load class "org.slf4j.impl.StaticLoggerBinder".
SLF4J: Defaulting to no-operation (NOP) logger implementation
SLF4J: See http://www.slf4j.org/codes.html#StaticLoggerBinder for further details.
1648691107378	geckodriver	INFO	Listening on 127.0.0.1:57390
1648691108628	mozrunner::runner	INFO	Running command: "C:\\Program Files\\Mozilla Firefox\\firefox.exe" "--marionette" "--remote-debugging-port" "58266" "-no-remote" "-profile" "C:\\Users\\lokar\\AppData\\Local\\Temp\\rust_mozprofilerPEpTc"
1648691109296	Marionette	INFO	Marionette enabled
console.warn: SearchSettings: "get: No settings file exists, new profile?" (new NotFoundError("Could not open the file at C:\\Users\\lokar\\AppData\\Local\\Temp\\rust_mozprofilerPEpTc\\search.json.mozlz4", (void 0)))
DevTools listening on ws://localhost:58266/devtools/browser/61fe2700-a4f3-4854-ad2f-4584caec3fcf
1648691112991	Marionette	INFO	Listening on port 49672
1648691113469	RemoteAgent	WARN	TLS certificate errors will be ignored for this session
Mar 31, 2022 7:15:13 AM org.openqa.selenium.remote.ProtocolHandshake createSession
INFO: Detected dialect: W3C
JavaScript warning: https://static.xx.fbcdn.net/rsrc.php/v3iX3c4/yB/l/en_GB/4zkcoGqQRrZ.js?_nc_x=Ij3Wp8lg5Kz, line 16: WEBGL_debug_renderer_info is deprecated in Firefox and will be removed. Please use RENDERER.
console.warn: LoginRecipes: "getRecipes: falling back to a synchronous message for:" "https://www.facebook.com"
console.warn: LoginRecipes: "getRecipes: falling back to a synchronous message for:" "https://accounts.google.com"
console.warn: LoginRecipes: "getRecipes: falling back to a synchronous message for:" "https://accounts.google.com"
JavaScript warning: https://accounts.google.com/ServiceLogin?service=mail&passive=1209600&osid=1&continue=https://mail.google.com/mail/u/0/&followup=https://mail.google.com/mail/u/0/&emr=1 line 1 > eval line 4655 > eval line 1 > eval line 1 > eval, line 1: WEBGL_debug_renderer_info is deprecated in Firefox and will be removed. Please use RENDERER.
JavaScript warning: https://static.xx.fbcdn.net/rsrc.php/v3iX3c4/yB/l/en_GB/4zkcoGqQRrZ.js?_nc_x=Ij3Wp8lg5Kz, line 16: WEBGL_debug_renderer_info is deprecated in Firefox and will be removed. Please use RENDERER.
console.warn: LoginRecipes: "getRecipes: falling back to a synchronous message for:" "https://www.facebook.com"
]]></system-err>
  </testcase>
</testsuite>