<?xml version="1.0" encoding="UTF-8"?>
<testng-results skipped="0" failed="0" ignored="0" total="1" passed="1">
  <reporter-output>
  </reporter-output>
  <suite name="Default suite" duration-ms="27146" started-at="2022-03-30T22:09:16 IST" finished-at="2022-03-30T22:09:44 IST">
    <groups>
    </groups>
    <test name="Default test" duration-ms="27146" started-at="2022-03-30T22:09:16 IST" finished-at="2022-03-30T22:09:44 IST">
      <class name="testcases.GeckoDriverTest">
        <test-method status="PASS" signature="openBrowser()[pri:0, instance:testcases.GeckoDriverTest@25bbf683]" name="openBrowser" is-config="true" duration-ms="8420" started-at="2022-03-30T22:09:17 IST" finished-at="2022-03-30T22:09:25 IST">
          <reporter-output>
          </reporter-output>
        </test-method> <!-- openBrowser -->
        <test-method status="PASS" signature="firefoxTest()[pri:0, instance:testcases.GeckoDriverTest@25bbf683]" name="firefoxTest" duration-ms="17151" started-at="2022-03-30T22:09:25 IST" finished-at="2022-03-30T22:09:42 IST">
          <reporter-output>
          </reporter-output>
        </test-method> <!-- firefoxTest -->
        <test-method status="PASS" signature="closeBrowser()[pri:0, instance:testcases.GeckoDriverTest@25bbf683]" name="closeBrowser" is-config="true" duration-ms="1511" started-at="2022-03-30T22:09:42 IST" finished-at="2022-03-30T22:09:44 IST">
          <reporter-output>
          </reporter-output>
        </test-method> <!-- closeBrowser -->
      </class> <!-- testcases.GeckoDriverTest -->
    </test> <!-- Default test -->
  </suite> <!-- Default suite -->
</testng-results>
